{"timestamp":"2026-04-07T16:26:08.950864Z","level":"info","event":"Stats instance was created in PID 7 but accessed in PID 288. Re-initializing.","logger":"airflow.stats","filename":"stats.py","lineno":57}
{"timestamp":"2026-04-07T16:26:09.183839Z","level":"info","event":"DAG bundles loaded: dags-folder, example_dags","logger":"airflow.dag_processing.bundles.manager.DagBundlesManager","filename":"manager.py","lineno":179}
{"timestamp":"2026-04-07T16:26:09.184908Z","level":"info","event":"Filling up the DagBag from /opt/airflow/dags/members_heatmap_pipeline.py","logger":"airflow.models.dagbag.BundleDagBag","filename":"dagbag.py","lineno":593}
{"timestamp":"2026-04-07T16:26:09.192763Z","level":"warning","event":"The `airflow.operators.python.PythonOperator` attribute is deprecated. Please use `'airflow.providers.standard.operators.python.PythonOperator'`.","category":"DeprecatedImportWarning","filename":"/opt/airflow/dags/members_heatmap_pipeline.py","lineno":3,"logger":"py.warnings"}
{"timestamp":"2026-04-07T16:26:09.212059Z","level":"info","event":"Task instance is in running state","logger":"task.stdout"}
{"timestamp":"2026-04-07T16:26:09.212322Z","level":"info","event":" Previous state of the Task instance: TaskInstanceState.QUEUED","logger":"task.stdout"}
{"timestamp":"2026-04-07T16:26:09.212562Z","level":"info","event":"Current task name:extract_data_task","logger":"task.stdout"}
{"timestamp":"2026-04-07T16:26:09.212730Z","level":"info","event":"Dag name:members_heatmap_pipeline","logger":"task.stdout"}
{"timestamp":"2026-04-07T16:26:09.665143Z","level":"warning","event":"Columns (12,13) have mixed types. Specify dtype option on import or set low_memory=False.","category":"DtypeWarning","filename":"/opt/airflow/dags/members_heatmap_pipeline.py","lineno":9,"logger":"py.warnings"}
{"timestamp":"2026-04-07T16:26:09.777243Z","level":"info","event":"File is read from /opt/airflow/dags/member_address.csv","logger":"task.stdout"}
{"timestamp":"2026-04-07T16:26:09.794146Z","level":"info","event":"                     t_name  ... last_address_updated_date_at","logger":"task.stdout"}
{"timestamp":"2026-04-07T16:26:09.794457Z","level":"info","event":"0             WEE BEE LIANG  ...                           \\N","logger":"task.stdout"}
{"timestamp":"2026-04-07T16:26:09.794666Z","level":"info","event":"1             WEE BEE LIANG  ...                           \\N","logger":"task.stdout"}
{"timestamp":"2026-04-07T16:26:09.794852Z","level":"info","event":"2             WEE BEE LIANG  ...                           \\N","logger":"task.stdout"}
{"timestamp":"2026-04-07T16:26:09.795036Z","level":"info","event":"3             WEE BEE LIANG  ...                           \\N","logger":"task.stdout"}
{"timestamp":"2026-04-07T16:26:09.795218Z","level":"info","event":"4             WEE BEE LIANG  ...                           \\N","logger":"task.stdout"}
{"timestamp":"2026-04-07T16:26:09.795400Z","level":"info","event":"...                     ...  ...                          ...","logger":"task.stdout"}
{"timestamp":"2026-04-07T16:26:09.795595Z","level":"info","event":"180939           TAN JI JUN  ...                           \\N","logger":"task.stdout"}
{"timestamp":"2026-04-07T16:26:09.795778Z","level":"info","event":"180940  JOAHN WITH REFERRAL  ...                           \\N","logger":"task.stdout"}
{"timestamp":"2026-04-07T16:26:09.795952Z","level":"info","event":"180941             NICKTEST  ...                           \\N","logger":"task.stdout"}
{"timestamp":"2026-04-07T16:26:09.796124Z","level":"info","event":"180942  JASON WITH REFERRAL  ...                           \\N","logger":"task.stdout"}
{"timestamp":"2026-04-07T16:26:09.796307Z","level":"info","event":"180943                 ASDA  ...                           \\N","logger":"task.stdout"}
{"timestamp":"2026-04-07T16:26:09.796478Z","level":"info","event":"","logger":"task.stdout"}
{"timestamp":"2026-04-07T16:26:09.796657Z","level":"info","event":"[180944 rows x 23 columns]","logger":"task.stdout"}
{"timestamp":"2026-04-07T16:26:09.806343Z","level":"info","event":"Done. Returned value was: None","logger":"airflow.task.operators.airflow.providers.standard.operators.python.PythonOperator","filename":"python.py","lineno":230}
{"timestamp":"2026-04-07T16:26:09.821289Z","level":"info","event":"Task instance in success state","logger":"task.stdout"}
{"timestamp":"2026-04-07T16:26:09.821603Z","level":"info","event":" Previous state of the Task instance: TaskInstanceState.RUNNING","logger":"task.stdout"}
{"timestamp":"2026-04-07T16:26:09.822059Z","level":"info","event":"Task operator:<Task(PythonOperator): extract_data_task>","logger":"task.stdout"}
