{"timestamp":"2026-04-07T16:35:56.025410Z","level":"info","event":"Stats instance was created in PID 7 but accessed in PID 409. Re-initializing.","logger":"airflow.stats","filename":"stats.py","lineno":57}
{"timestamp":"2026-04-07T16:35:56.332636Z","level":"info","event":"DAG bundles loaded: dags-folder, example_dags","logger":"airflow.dag_processing.bundles.manager.DagBundlesManager","filename":"manager.py","lineno":179}
{"timestamp":"2026-04-07T16:35:56.333730Z","level":"info","event":"Filling up the DagBag from /opt/airflow/dags/members_heatmap_pipeline.py","logger":"airflow.models.dagbag.BundleDagBag","filename":"dagbag.py","lineno":593}
{"timestamp":"2026-04-07T16:35:56.341820Z","level":"warning","event":"The `airflow.operators.python.PythonOperator` attribute is deprecated. Please use `'airflow.providers.standard.operators.python.PythonOperator'`.","category":"DeprecatedImportWarning","filename":"/opt/airflow/dags/members_heatmap_pipeline.py","lineno":3,"logger":"py.warnings"}
{"timestamp":"2026-04-07T16:35:56.364165Z","level":"info","event":"Task instance is in running state","logger":"task.stdout"}
{"timestamp":"2026-04-07T16:35:56.364475Z","level":"info","event":" Previous state of the Task instance: TaskInstanceState.QUEUED","logger":"task.stdout"}
{"timestamp":"2026-04-07T16:35:56.364738Z","level":"info","event":"Current task name:clean_data_task","logger":"task.stdout"}
{"timestamp":"2026-04-07T16:35:56.364932Z","level":"info","event":"Dag name:members_heatmap_pipeline","logger":"task.stdout"}
{"timestamp":"2026-04-07T16:35:56.892575Z","level":"warning","event":"Columns (12,13) have mixed types. Specify dtype option on import or set low_memory=False.","category":"DtypeWarning","filename":"/opt/airflow/dags/members_heatmap_pipeline.py","lineno":14,"logger":"py.warnings"}
{"timestamp":"2026-04-07T16:35:56.989680Z","level":"info","event":"Before Cleaning: 180944","logger":"task.stdout"}
{"timestamp":"2026-04-07T16:35:57.145482Z","level":"info","event":"After Cleaning: 180944","logger":"task.stdout"}
{"timestamp":"2026-04-07T16:35:57.157836Z","level":"info","event":"          t_name  ... postcode_get","logger":"task.stdout"}
{"timestamp":"2026-04-07T16:35:57.158231Z","level":"info","event":"0  WEE BEE LIANG  ...        59100","logger":"task.stdout"}
{"timestamp":"2026-04-07T16:35:57.158528Z","level":"info","event":"1  WEE BEE LIANG  ...        59100","logger":"task.stdout"}
{"timestamp":"2026-04-07T16:35:57.158768Z","level":"info","event":"2  WEE BEE LIANG  ...        59100","logger":"task.stdout"}
{"timestamp":"2026-04-07T16:35:57.159006Z","level":"info","event":"3  WEE BEE LIANG  ...        59100","logger":"task.stdout"}
{"timestamp":"2026-04-07T16:35:57.159205Z","level":"info","event":"4  WEE BEE LIANG  ...        59100","logger":"task.stdout"}
{"timestamp":"2026-04-07T16:35:57.159397Z","level":"info","event":"","logger":"task.stdout"}
{"timestamp":"2026-04-07T16:35:57.159589Z","level":"info","event":"[5 rows x 24 columns]","logger":"task.stdout"}
{"timestamp":"2026-04-07T16:35:57.166498Z","level":"info","event":"Done. Returned value was: None","logger":"airflow.task.operators.airflow.providers.standard.operators.python.PythonOperator","filename":"python.py","lineno":230}
{"timestamp":"2026-04-07T16:35:57.183066Z","level":"info","event":"Task instance in success state","logger":"task.stdout"}
{"timestamp":"2026-04-07T16:35:57.183409Z","level":"info","event":" Previous state of the Task instance: TaskInstanceState.RUNNING","logger":"task.stdout"}
{"timestamp":"2026-04-07T16:35:57.183725Z","level":"info","event":"Task operator:<Task(PythonOperator): clean_data_task>","logger":"task.stdout"}
