{"timestamp":"2026-04-07T16:35:54.880683Z","level":"info","event":"Stats instance was created in PID 7 but accessed in PID 407. Re-initializing.","logger":"airflow.stats","filename":"stats.py","lineno":57}
{"timestamp":"2026-04-07T16:35:55.203290Z","level":"info","event":"DAG bundles loaded: dags-folder, example_dags","logger":"airflow.dag_processing.bundles.manager.DagBundlesManager","filename":"manager.py","lineno":179}
{"timestamp":"2026-04-07T16:35:55.205413Z","level":"info","event":"Filling up the DagBag from /opt/airflow/dags/members_heatmap_pipeline.py","logger":"airflow.models.dagbag.BundleDagBag","filename":"dagbag.py","lineno":593}
{"timestamp":"2026-04-07T16:35:55.214039Z","level":"warning","event":"The `airflow.operators.python.PythonOperator` attribute is deprecated. Please use `'airflow.providers.standard.operators.python.PythonOperator'`.","category":"DeprecatedImportWarning","filename":"/opt/airflow/dags/members_heatmap_pipeline.py","lineno":3,"logger":"py.warnings"}
{"timestamp":"2026-04-07T16:35:55.234606Z","level":"info","event":"Task instance is in running state","logger":"task.stdout"}
{"timestamp":"2026-04-07T16:35:55.234967Z","level":"info","event":" Previous state of the Task instance: TaskInstanceState.QUEUED","logger":"task.stdout"}
{"timestamp":"2026-04-07T16:35:55.235191Z","level":"info","event":"Current task name:extract_data_task","logger":"task.stdout"}
{"timestamp":"2026-04-07T16:35:55.235412Z","level":"info","event":"Dag name:members_heatmap_pipeline","logger":"task.stdout"}
{"timestamp":"2026-04-07T16:35:55.734449Z","level":"warning","event":"Columns (12,13) have mixed types. Specify dtype option on import or set low_memory=False.","category":"DtypeWarning","filename":"/opt/airflow/dags/members_heatmap_pipeline.py","lineno":9,"logger":"py.warnings"}
{"timestamp":"2026-04-07T16:35:55.852716Z","level":"info","event":"File is read from /opt/airflow/dags/member_address.csv","logger":"task.stdout"}
{"timestamp":"2026-04-07T16:35:55.866269Z","level":"info","event":"                     t_name  ... last_address_updated_date_at","logger":"task.stdout"}
{"timestamp":"2026-04-07T16:35:55.866609Z","level":"info","event":"0             WEE BEE LIANG  ...                           \\N","logger":"task.stdout"}
{"timestamp":"2026-04-07T16:35:55.866851Z","level":"info","event":"1             WEE BEE LIANG  ...                           \\N","logger":"task.stdout"}
{"timestamp":"2026-04-07T16:35:55.867093Z","level":"info","event":"2             WEE BEE LIANG  ...                           \\N","logger":"task.stdout"}
{"timestamp":"2026-04-07T16:35:55.867358Z","level":"info","event":"3             WEE BEE LIANG  ...                           \\N","logger":"task.stdout"}
{"timestamp":"2026-04-07T16:35:55.867616Z","level":"info","event":"4             WEE BEE LIANG  ...                           \\N","logger":"task.stdout"}
{"timestamp":"2026-04-07T16:35:55.867836Z","level":"info","event":"...                     ...  ...                          ...","logger":"task.stdout"}
{"timestamp":"2026-04-07T16:35:55.868032Z","level":"info","event":"180939           TAN JI JUN  ...                           \\N","logger":"task.stdout"}
{"timestamp":"2026-04-07T16:35:55.868223Z","level":"info","event":"180940  JOAHN WITH REFERRAL  ...                           \\N","logger":"task.stdout"}
{"timestamp":"2026-04-07T16:35:55.868408Z","level":"info","event":"180941             NICKTEST  ...                           \\N","logger":"task.stdout"}
{"timestamp":"2026-04-07T16:35:55.868589Z","level":"info","event":"180942  JASON WITH REFERRAL  ...                           \\N","logger":"task.stdout"}
{"timestamp":"2026-04-07T16:35:55.868773Z","level":"info","event":"180943                 ASDA  ...                           \\N","logger":"task.stdout"}
{"timestamp":"2026-04-07T16:35:55.868948Z","level":"info","event":"","logger":"task.stdout"}
{"timestamp":"2026-04-07T16:35:55.869135Z","level":"info","event":"[180944 rows x 23 columns]","logger":"task.stdout"}
{"timestamp":"2026-04-07T16:35:55.878483Z","level":"info","event":"Done. Returned value was: None","logger":"airflow.task.operators.airflow.providers.standard.operators.python.PythonOperator","filename":"python.py","lineno":230}
{"timestamp":"2026-04-07T16:35:55.894165Z","level":"info","event":"Task instance in success state","logger":"task.stdout"}
{"timestamp":"2026-04-07T16:35:55.894406Z","level":"info","event":" Previous state of the Task instance: TaskInstanceState.RUNNING","logger":"task.stdout"}
{"timestamp":"2026-04-07T16:35:55.894674Z","level":"info","event":"Task operator:<Task(PythonOperator): extract_data_task>","logger":"task.stdout"}
